<?xml version="1.0" encoding="UTF-8"?>
<!-- Generated by org.testng.reporters.JUnitXMLReporter -->
<testsuite hostname="SaranyaPC" ignored="0" name="Test" tests="4" failures="0" timestamp="2020-05-04T20:09:22 IST" time="68.164" errors="0">
  <testcase name="basePageVaildation" time="1.025" classname="Academy.ValidateNavigationBarTest"/>
  <testcase name="basePageVaildation" time="0.265" classname="Academy.ValidateTitleTest"/>
  <testcase name="basePageNavigation" time="16.379" classname="Academy.E2EMechanismTest"/>
  <testcase name="basePageNavigation" time="11.944" classname="Academy.E2EMechanismTest"/>
</testsuite> <!-- Test -->
