<?xml version="1.0" encoding="UTF-8"?>
<!-- Generated by org.testng.reporters.JUnitXMLReporter -->
<testsuite hostname="SaranyaPC" ignored="1" name="Default test" tests="1" failures="0" timestamp="2020-09-23T19:36:56 IST" time="8.249" errors="0">
  <testcase name="validateCoursesCount" time="1.881" classname="Academy.E2EMechanismTest"/>
  <testcase name="basePageNavigation" time="0.0" classname="Academy.E2EMechanismTest">
    <ignored/>
  </testcase> <!-- basePageNavigation -->
</testsuite> <!-- Default test -->
