<?xml version="1.0" encoding="UTF-8"?>
<!-- Generated by org.testng.reporters.JUnitXMLReporter -->
<testsuite hostname="SaranyaPC" ignored="0" name="Test" tests="4" failures="0" timestamp="2020-05-05T10:39:24 IST" time="51.381" errors="0">
  <testcase name="basePageVaildation" time="0.426" classname="Academy.ValidateNavigationBarTest"/>
  <testcase name="basePageVaildation" time="0.117" classname="Academy.ValidateTitleTest"/>
  <testcase name="basePageNavigation" time="14.389" classname="Academy.E2EMechanismTest"/>
  <testcase name="basePageNavigation" time="10.622" classname="Academy.E2EMechanismTest"/>
</testsuite> <!-- Test -->
